.\Debug\系数多项式.ilk
.\Debug\系数多项式.pdb
E:\F\nb\课程设计\系数多项式\系数多项式\.\Debug\系数多项式.exe
E:\F\nb\课程设计\系数多项式\系数多项式\.\Debug\系数多项式.exe.intermediate.manifest
E:\F\nb\课程设计\系数多项式\系数多项式\Debug\cl.command.1.tlog
E:\F\nb\课程设计\系数多项式\系数多项式\Debug\CL.read.1.tlog
E:\F\nb\课程设计\系数多项式\系数多项式\Debug\CL.write.1.tlog
E:\F\NB\课程设计\系数多项式\系数多项式\DEBUG\FUN.OBJ
E:\F\nb\课程设计\系数多项式\系数多项式\Debug\link.1188.read.1.tlog
E:\F\nb\课程设计\系数多项式\系数多项式\Debug\link.1188.write.1.tlog
E:\F\nb\课程设计\系数多项式\系数多项式\Debug\link.1188-cvtres.read.1.tlog
E:\F\nb\课程设计\系数多项式\系数多项式\Debug\link.1188-cvtres.write.1.tlog
E:\F\nb\课程设计\系数多项式\系数多项式\Debug\link.command.1.tlog
E:\F\nb\课程设计\系数多项式\系数多项式\Debug\link.read.1.tlog
E:\F\nb\课程设计\系数多项式\系数多项式\Debug\link.write.1.tlog
E:\F\nb\课程设计\系数多项式\系数多项式\Debug\link-cvtres.read.1.tlog
E:\F\nb\课程设计\系数多项式\系数多项式\Debug\link-cvtres.write.1.tlog
E:\F\NB\课程设计\系数多项式\系数多项式\DEBUG\LINKLIST.OBJ
E:\F\nb\课程设计\系数多项式\系数多项式\Debug\mt.command.1.tlog
E:\F\nb\课程设计\系数多项式\系数多项式\Debug\mt.read.1.tlog
E:\F\nb\课程设计\系数多项式\系数多项式\Debug\mt.write.1.tlog
E:\F\NB\课程设计\系数多项式\系数多项式\DEBUG\MULTIEQU.OBJ
E:\F\NB\课程设计\系数多项式\系数多项式\DEBUG\MULTIEQU_MAIN.OBJ
E:\F\nb\课程设计\系数多项式\系数多项式\Debug\rc.command.1.tlog
E:\F\nb\课程设计\系数多项式\系数多项式\Debug\rc.read.1.tlog
E:\F\nb\课程设计\系数多项式\系数多项式\Debug\rc.write.1.tlog
E:\F\nb\课程设计\系数多项式\系数多项式\Debug\vc100.idb
E:\F\NB\课程设计\系数多项式\系数多项式\DEBUG\VC100.PDB
E:\F\NB\课程设计\系数多项式\系数多项式\DEBUG\系数多项式.EXE
E:\F\NB\课程设计\系数多项式\系数多项式\DEBUG\系数多项式.EXE.EMBED.MANIFEST
E:\F\NB\课程设计\系数多项式\系数多项式\DEBUG\系数多项式.EXE.EMBED.MANIFEST.RES
E:\F\NB\课程设计\系数多项式\系数多项式\DEBUG\系数多项式.EXE.INTERMEDIATE.MANIFEST
E:\F\NB\课程设计\系数多项式\系数多项式\DEBUG\系数多项式.ILK
E:\F\NB\课程设计\系数多项式\系数多项式\DEBUG\系数多项式.PDB
E:\F\nb\课程设计\系数多项式\系数多项式\Debug\系数多项式_manifest.rc
