生成启动时间为 2012-12-29 3:21:03。
     1>项目“E:\F\nb\课程设计\系数多项式\系数多项式\系数多项式.vcxproj”在节点 2 上(rebuild 个目标)。
     1>_PrepareForClean:
         正在删除文件“.\Debug\系数多项式.lastbuildstate”。
     1>C:\Program Files\MSBuild\Microsoft.Cpp\v4.0\Microsoft.CppClean.targets(74,5): warning : 对路径“E:\F\nb\课程设计\系数多项式\系数多项式\Debug\系数多项式.exe”的访问被拒绝。
     1>C:\Program Files\MSBuild\Microsoft.Cpp\v4.0\Microsoft.CppClean.targets(74,5): warning : 对路径“E:\F\NB\课程设计\系数多项式\系数多项式\DEBUG\系数多项式.EXE”的访问被拒绝。
       InitializeBuildStatus:
         正在创建“.\Debug\系数多项式.unsuccessfulbuild”，因为已指定“AlwaysCreate”。
       ClCompile:
         C:\Program Files\Microsoft Visual Studio 10.0\VC\bin\CL.exe /c /ZI /nologo /W3 /WX- /Od /Oy- /D WIN32 /D _DEBUG /D _CONSOLE /D _VC80_UPGRADE=0x0600 /D _MBCS /Gm /EHsc /RTC1 /MTd /GS /Gy- /fp:precise /Zc:wchar_t /Zc:forScope /Fo".\Debug\\" /Fd".\Debug\vc100.pdb" /Gd /TP /analyze- /errorReport:prompt fun.cpp linklist.cpp multiequ.cpp multiequ_main.cpp
         multiequ_main.cpp
     1>e:\f\nb\课程设计\系数多项式\系数多项式\multiequ_main.cpp(28): warning C4996: 'gets': This function or variable may be unsafe. Consider using gets_s instead. To disable deprecation, use _CRT_SECURE_NO_WARNINGS. See online help for details.
                 c:\program files\microsoft visual studio 10.0\vc\include\stdio.h(277) : 参见“gets”的声明
         multiequ.cpp
     1>e:\f\nb\课程设计\系数多项式\系数多项式\multiequ.cpp(11): warning C4996: 'scanf': This function or variable may be unsafe. Consider using scanf_s instead. To disable deprecation, use _CRT_SECURE_NO_WARNINGS. See online help for details.
                 c:\program files\microsoft visual studio 10.0\vc\include\stdio.h(304) : 参见“scanf”的声明
     1>e:\f\nb\课程设计\系数多项式\系数多项式\multiequ.cpp(14): warning C4996: 'scanf': This function or variable may be unsafe. Consider using scanf_s instead. To disable deprecation, use _CRT_SECURE_NO_WARNINGS. See online help for details.
                 c:\program files\microsoft visual studio 10.0\vc\include\stdio.h(304) : 参见“scanf”的声明
     1>e:\f\nb\课程设计\系数多项式\系数多项式\multiequ.cpp(189): warning C4996: 'scanf': This function or variable may be unsafe. Consider using scanf_s instead. To disable deprecation, use _CRT_SECURE_NO_WARNINGS. See online help for details.
                 c:\program files\microsoft visual studio 10.0\vc\include\stdio.h(304) : 参见“scanf”的声明
         linklist.cpp
         fun.cpp
         正在生成代码...
       ManifestResourceCompile:
         C:\Program Files\Microsoft SDKs\Windows\v7.0A\bin\rc.exe /nologo /fo".\Debug\系数多项式.exe.embed.manifest.res" ".\Debug\系数多项式_manifest.rc" 
       Link:
         C:\Program Files\Microsoft Visual Studio 10.0\VC\bin\link.exe /ERRORREPORT:PROMPT /OUT:".\Debug\系数多项式.exe" /INCREMENTAL /NOLOGO odbc32.lib odbccp32.lib kernel32.lib user32.lib gdi32.lib winspool.lib comdlg32.lib advapi32.lib shell32.lib ole32.lib oleaut32.lib uuid.lib odbc32.lib odbccp32.lib /MANIFEST /ManifestFile:".\Debug\系数多项式.exe.intermediate.manifest" /MANIFESTUAC:"level='asInvoker' uiAccess='false'" /DEBUG /PDB:"E:\F\nb\课程设计\系数多项式\系数多项式\Debug\系数多项式.pdb" /SUBSYSTEM:CONSOLE /TLBID:1 /DYNAMICBASE /NXCOMPAT /IMPLIB:".\Debug\系数多项式.lib" /MACHINE:X86 ".\Debug\系数多项式.exe.embed.manifest.res"
         .\Debug\fun.obj
         .\Debug\linklist.obj
         .\Debug\multiequ.obj
         .\Debug\multiequ_main.obj
       Manifest:
         正在删除文件“.\Debug\系数多项式.exe.embed.manifest”。
         C:\Program Files\Microsoft SDKs\Windows\v7.0A\bin\mt.exe /nologo /verbose /out:".\Debug\系数多项式.exe.embed.manifest" /manifest ".\Debug\系数多项式.exe.intermediate.manifest"
         C:\Program Files\Microsoft SDKs\Windows\v7.0A\bin\rc.exe /nologo /fo".\Debug\系数多项式.exe.embed.manifest.res" ".\Debug\系数多项式_manifest.rc" 
       LinkEmbedManifest:
         C:\Program Files\Microsoft Visual Studio 10.0\VC\bin\link.exe /ERRORREPORT:PROMPT /OUT:".\Debug\系数多项式.exe" /INCREMENTAL /NOLOGO odbc32.lib odbccp32.lib kernel32.lib user32.lib gdi32.lib winspool.lib comdlg32.lib advapi32.lib shell32.lib ole32.lib oleaut32.lib uuid.lib odbc32.lib odbccp32.lib /MANIFEST /ManifestFile:".\Debug\系数多项式.exe.intermediate.manifest" /MANIFESTUAC:"level='asInvoker' uiAccess='false'" /DEBUG /PDB:"E:\F\nb\课程设计\系数多项式\系数多项式\Debug\系数多项式.pdb" /SUBSYSTEM:CONSOLE /TLBID:1 /DYNAMICBASE /NXCOMPAT /IMPLIB:".\Debug\系数多项式.lib" /MACHINE:X86 ".\Debug\系数多项式.exe.embed.manifest.res"
         .\Debug\fun.obj
         .\Debug\linklist.obj
         .\Debug\multiequ.obj
         .\Debug\multiequ_main.obj
         系数多项式.vcxproj -> E:\F\nb\课程设计\系数多项式\系数多项式\.\Debug\系数多项式.exe
       FinalizeBuildStatus:
         正在删除文件“.\Debug\系数多项式.unsuccessfulbuild”。
         正在对“.\Debug\系数多项式.lastbuildstate”执行 Touch 任务。
     1>已完成生成项目“E:\F\nb\课程设计\系数多项式\系数多项式\系数多项式.vcxproj”(rebuild 个目标)的操作。

生成成功。

已用时间 00:00:04.32
